<?xml version="1.0" encoding="UTF-8"?>
<testsuite xmlns:xsi="http://www.w3.org/2001/XMLSchema-instance" xsi:noNamespaceSchemaLocation="https://maven.apache.org/surefire/maven-surefire-plugin/xsd/surefire-test-report-3.0.xsd" version="3.0" name="com.example.SaudeBemEstar.SaudeBemEstarApplicationTests" time="8.672" tests="1" errors="0" skipped="0" failures="0">
  <properties>
[...]
</properties>
  <testcase name="contextLoads" classname="com.example.SaudeBemEstar.SaudeBemEstarApplicationTests" time="0.822">
    <system-out><![CDATA[21:32:00.768 [main] INFO org.springframework.test.context.support.AnnotationConfigContextLoaderUtils -- Could not detect default configuration classes for test class [com.example.SaudeBemEstar.SaudeBemEstarApplicationTests]: SaudeBemEstarApplicationTests does not declare any static, non-private, non-final, nested classes annotated with @Configuration.
21:32:00.912 [main] INFO org.springframework.boot.test.context.SpringBootTestContextBootstrapper -- Found @SpringBootConfiguration com.example.SaudeBemEstar.SaudeBemEstarApplication for test class com.example.SaudeBemEstar.SaudeBemEstarApplicationTests
21:32:01.149 [main] INFO org.springframework.boot.devtools.restart.RestartApplicationListener -- Restart disabled due to context in which it is running

  .   ____          _            __ _ _
 /\\ / ___'_ __ _ _(_)_ __  __ _ \ \ \ \
( ( )\___ | '_ | '_| | '_ \/ _` | \ \ \ \
 \\/  ___)| |_)| | | | | || (_| |  ) ) ) )
  '  |____| .__|_| |_|_| |_\__, | / / / /
 =========|_|==============|___/=/_/_/_/

 :: Spring Boot ::                (v3.3.5)

2024-11-25T21:32:01.509-03:00  INFO 10280 --- [           main] c.e.S.SaudeBemEstarApplicationTests      : Starting SaudeBemEstarApplicationTests using Java 17.0.12 with PID 10280 (started by Eduardo Ribarski in D:\repositorio\backend\projetoFinal\API-RESTful\SaudeBemEstar)
2024-11-25T21:32:01.512-03:00  INFO 10280 --- [           main] c.e.S.SaudeBemEstarApplicationTests      : No active profile set, falling back to 1 default profile: "default"
2024-11-25T21:32:02.824-03:00  INFO 10280 --- [           main] .s.d.r.c.RepositoryConfigurationDelegate : Bootstrapping Spring Data JPA repositories in DEFAULT mode.
2024-11-25T21:32:02.944-03:00  INFO 10280 --- [           main] .s.d.r.c.RepositoryConfigurationDelegate : Finished Spring Data repository scanning in 109 ms. Found 3 JPA repository interfaces.
2024-11-25T21:32:03.745-03:00  INFO 10280 --- [           main] o.hibernate.jpa.internal.util.LogHelper  : HHH000204: Processing PersistenceUnitInfo [name: default]
2024-11-25T21:32:03.907-03:00  INFO 10280 --- [           main] org.hibernate.Version                    : HHH000412: Hibernate ORM core version 6.5.3.Final
2024-11-25T21:32:04.005-03:00  INFO 10280 --- [           main] o.h.c.internal.RegionFactoryInitiator    : HHH000026: Second-level cache disabled
2024-11-25T21:32:04.508-03:00  INFO 10280 --- [           main] o.s.o.j.p.SpringPersistenceUnitInfo      : No LoadTimeWeaver setup: ignoring JPA class transformer
2024-11-25T21:32:04.542-03:00  INFO 10280 --- [           main] com.zaxxer.hikari.HikariDataSource       : HikariPool-1 - Starting...
2024-11-25T21:32:04.702-03:00  INFO 10280 --- [           main] com.zaxxer.hikari.pool.HikariPool        : HikariPool-1 - Added connection conn0: url=jdbc:h2:mem:saude_bem_estar user=SA
2024-11-25T21:32:04.704-03:00  INFO 10280 --- [           main] com.zaxxer.hikari.HikariDataSource       : HikariPool-1 - Start completed.
2024-11-25T21:32:05.874-03:00  INFO 10280 --- [           main] o.h.e.t.j.p.i.JtaPlatformInitiator       : HHH000489: No JTA platform available (set 'hibernate.transaction.jta.platform' to enable JTA platform integration)
Hibernate: create table atendimento (id bigint generated by default as identity, data date, diagnostico varchar(255), medico varchar(255), observacoes varchar(255), paciente varchar(255), primary key (id))
Hibernate: create table atendimento_medicamento (atendimento_id bigint not null, medicamento_id bigint not null)
Hibernate: create table medicamento (id bigint generated by default as identity, dosagem varchar(255), estoque integer, nome varchar(255), principio_ativo varchar(255), primary key (id))
Hibernate: create table recomendacao (id bigint generated by default as identity, observacao varchar(255), atendimento_id bigint not null, medicamento_id bigint not null, primary key (id))
Hibernate: alter table if exists atendimento_medicamento add constraint FKcimh7m1vsk0nei94l6gkdmt5k foreign key (medicamento_id) references medicamento
Hibernate: alter table if exists atendimento_medicamento add constraint FK7lcok61gng6mer4kjvhm1i1br foreign key (atendimento_id) references atendimento
Hibernate: alter table if exists recomendacao add constraint FK8he2wctmf6iumk1pu5t9ld2pr foreign key (atendimento_id) references atendimento
Hibernate: alter table if exists recomendacao add constraint FKsqtbqicu9625a7w8c4ouwii2o foreign key (medicamento_id) references medicamento
2024-11-25T21:32:05.959-03:00  INFO 10280 --- [           main] j.LocalContainerEntityManagerFactoryBean : Initialized JPA EntityManagerFactory for persistence unit 'default'
2024-11-25T21:32:07.175-03:00  WARN 10280 --- [           main] JpaBaseConfiguration$JpaWebConfiguration : spring.jpa.open-in-view is enabled by default. Therefore, database queries may be performed during view rendering. Explicitly configure spring.jpa.open-in-view to disable this warning
2024-11-25T21:32:08.225-03:00  INFO 10280 --- [           main] o.s.b.a.h2.H2ConsoleAutoConfiguration    : H2 console available at '/h2-console'. Database available at 'jdbc:h2:mem:saude_bem_estar'
2024-11-25T21:32:08.348-03:00  INFO 10280 --- [           main] c.e.S.SaudeBemEstarApplicationTests      : Started SaudeBemEstarApplicationTests in 7.221 seconds (process running for 8.526)
]]></system-out>
  </testcase>
</testsuite>